app/build/intermediates/manifest_merge_blame_file/debug/manifest-merger-blame-debug-report.txt
1<?xml version="1.0" encoding="utf-8"?>
2<manifest xmlns:android="http://schemas.android.com/apk/res/android"
3    package="com.example.onlinequizapp"
4    android:versionCode="1"
5    android:versionName="1.0" >
6
7    <uses-sdk
8        android:minSdkVersion="23"
8-->src\main\AndroidManifest.xml
9        android:targetSdkVersion="28" />
9-->src\main\AndroidManifest.xml
10
11    <uses-permission android:name="android.permission.INTERNET" />
11-->src\main\AndroidManifest.xml:23:5-67
11-->src\main\AndroidManifest.xml:23:22-64
12
13    <!-- Although the *SdkVersion is captured in gradle build files, this is required for non gradle builds -->
14    <!-- <uses-sdk android:minSdkVersion="14"/> -->
15    <uses-permission android:name="android.permission.ACCESS_NETWORK_STATE" />
15-->[com.google.firebase:firebase-database:19.2.0] AndroidManifest.xml:25:5-79
15-->[com.google.firebase:firebase-database:19.2.0] AndroidManifest.xml:25:22-76
16    <uses-permission android:name="android.permission.WAKE_LOCK" /> <!-- Required by older versions of Google Play services to create IID tokens -->
16-->[com.google.android.gms:play-services-measurement-api:17.2.0] AndroidManifest.xml:24:5-68
16-->[com.google.android.gms:play-services-measurement-api:17.2.0] AndroidManifest.xml:24:22-65
17    <uses-permission android:name="com.google.android.c2dm.permission.RECEIVE" />
17-->[com.google.firebase:firebase-iid:19.0.0] AndroidManifest.xml:26:5-82
17-->[com.google.firebase:firebase-iid:19.0.0] AndroidManifest.xml:26:22-79
18    <uses-permission android:name="com.google.android.finsky.permission.BIND_GET_INSTALL_REFERRER_SERVICE" />
18-->[com.google.android.gms:play-services-measurement:17.2.0] AndroidManifest.xml:26:5-110
18-->[com.google.android.gms:play-services-measurement:17.2.0] AndroidManifest.xml:26:22-107
19
20    <application
20-->src\main\AndroidManifest.xml:5:5-21:19
21        android:allowBackup="true"
21-->src\main\AndroidManifest.xml:6:9-35
22        android:appComponentFactory="androidx.core.app.CoreComponentFactory"
22-->[androidx.core:core:1.0.1] AndroidManifest.xml:22:18-86
23        android:debuggable="true"
24        android:icon="@mipmap/ic_launcher"
24-->src\main\AndroidManifest.xml:7:9-43
25        android:label="@string/app_name"
25-->src\main\AndroidManifest.xml:8:9-41
26        android:roundIcon="@mipmap/ic_launcher_round"
26-->src\main\AndroidManifest.xml:9:9-54
27        android:supportsRtl="true"
27-->src\main\AndroidManifest.xml:10:9-35
28        android:testOnly="true"
29        android:theme="@style/AppTheme" >
29-->src\main\AndroidManifest.xml:11:9-40
30        <activity android:name="com.example.onlinequizapp.Playing" />
30-->src\main\AndroidManifest.xml:12:9-45
30-->src\main\AndroidManifest.xml:12:19-42
31        <activity android:name="com.example.onlinequizapp.Home" />
31-->src\main\AndroidManifest.xml:13:9-42
31-->src\main\AndroidManifest.xml:13:19-39
32        <activity android:name="com.example.onlinequizapp.MainActivity" >
32-->src\main\AndroidManifest.xml:14:9-20:20
32-->src\main\AndroidManifest.xml:14:19-47
33            <intent-filter>
33-->src\main\AndroidManifest.xml:15:13-19:29
34                <action android:name="android.intent.action.MAIN" />
34-->src\main\AndroidManifest.xml:16:17-69
34-->src\main\AndroidManifest.xml:16:25-66
35
36                <category android:name="android.intent.category.LAUNCHER" />
36-->src\main\AndroidManifest.xml:18:17-77
36-->src\main\AndroidManifest.xml:18:27-74
37            </intent-filter>
38        </activity>
39
40        <meta-data
40-->[com.firebaseui:firebase-ui-database:1.2.0] AndroidManifest.xml:14:9-16:69
41            android:name="com.google.android.gms.version"
41-->[com.firebaseui:firebase-ui-database:1.2.0] AndroidManifest.xml:15:13-58
42            android:value="@integer/google_play_services_version" />
42-->[com.firebaseui:firebase-ui-database:1.2.0] AndroidManifest.xml:16:13-66
43
44        <service
44-->[com.google.firebase:firebase-database:19.2.0] AndroidManifest.xml:29:9-35:19
45            android:name="com.google.firebase.components.ComponentDiscoveryService"
45-->[com.google.firebase:firebase-database:19.2.0] AndroidManifest.xml:30:13-84
46            android:directBootAware="true"
46-->[com.google.firebase:firebase-common:19.2.0] AndroidManifest.xml:15:13-43
47            android:exported="false" >
47-->[com.google.firebase:firebase-database:19.2.0] AndroidManifest.xml:31:13-37
48            <meta-data
48-->[com.google.firebase:firebase-database:19.2.0] AndroidManifest.xml:32:13-34:85
49                android:name="com.google.firebase.components:com.google.firebase.database.DatabaseRegistrar"
49-->[com.google.firebase:firebase-database:19.2.0] AndroidManifest.xml:33:17-109
50                android:value="com.google.firebase.components.ComponentRegistrar" />
50-->[com.google.firebase:firebase-database:19.2.0] AndroidManifest.xml:34:17-82
51            <meta-data
51-->[com.google.android.gms:play-services-measurement-api:17.2.0] AndroidManifest.xml:30:13-32:85
52                android:name="com.google.firebase.components:com.google.firebase.analytics.connector.internal.AnalyticsConnectorRegistrar"
52-->[com.google.android.gms:play-services-measurement-api:17.2.0] AndroidManifest.xml:31:17-139
53                android:value="com.google.firebase.components.ComponentRegistrar" />
53-->[com.google.android.gms:play-services-measurement-api:17.2.0] AndroidManifest.xml:32:17-82
54            <meta-data
54-->[com.google.firebase:firebase-iid:19.0.0] AndroidManifest.xml:32:13-34:85
55                android:name="com.google.firebase.components:com.google.firebase.iid.Registrar"
55-->[com.google.firebase:firebase-iid:19.0.0] AndroidManifest.xml:33:17-96
56                android:value="com.google.firebase.components.ComponentRegistrar" />
56-->[com.google.firebase:firebase-iid:19.0.0] AndroidManifest.xml:34:17-82
57        </service>
58
59        <receiver
59-->[com.google.firebase:firebase-iid:19.0.0] AndroidManifest.xml:37:9-44:20
60            android:name="com.google.firebase.iid.FirebaseInstanceIdReceiver"
60-->[com.google.firebase:firebase-iid:19.0.0] AndroidManifest.xml:38:13-78
61            android:exported="true"
61-->[com.google.firebase:firebase-iid:19.0.0] AndroidManifest.xml:39:13-36
62            android:permission="com.google.android.c2dm.permission.SEND" >
62-->[com.google.firebase:firebase-iid:19.0.0] AndroidManifest.xml:40:13-73
63            <intent-filter>
63-->[com.google.firebase:firebase-iid:19.0.0] AndroidManifest.xml:41:13-43:29
64                <action android:name="com.google.android.c2dm.intent.RECEIVE" />
64-->[com.google.firebase:firebase-iid:19.0.0] AndroidManifest.xml:42:17-81
64-->[com.google.firebase:firebase-iid:19.0.0] AndroidManifest.xml:42:25-78
65            </intent-filter>
66        </receiver>
67
68        <activity
68-->[com.google.android.gms:play-services-base:17.0.0] AndroidManifest.xml:23:9-26:75
69            android:name="com.google.android.gms.common.api.GoogleApiActivity"
69-->[com.google.android.gms:play-services-base:17.0.0] AndroidManifest.xml:24:13-79
70            android:exported="false"
70-->[com.google.android.gms:play-services-base:17.0.0] AndroidManifest.xml:25:13-37
71            android:theme="@android:style/Theme.Translucent.NoTitleBar" />
71-->[com.google.android.gms:play-services-base:17.0.0] AndroidManifest.xml:26:13-72
72
73        <receiver
73-->[com.google.android.gms:play-services-measurement:17.2.0] AndroidManifest.xml:29:9-33:20
74            android:name="com.google.android.gms.measurement.AppMeasurementReceiver"
74-->[com.google.android.gms:play-services-measurement:17.2.0] AndroidManifest.xml:30:13-85
75            android:enabled="true"
75-->[com.google.android.gms:play-services-measurement:17.2.0] AndroidManifest.xml:31:13-35
76            android:exported="false" >
76-->[com.google.android.gms:play-services-measurement:17.2.0] AndroidManifest.xml:32:13-37
77        </receiver>
78        <receiver
78-->[com.google.android.gms:play-services-measurement:17.2.0] AndroidManifest.xml:34:9-42:20
79            android:name="com.google.android.gms.measurement.AppMeasurementInstallReferrerReceiver"
79-->[com.google.android.gms:play-services-measurement:17.2.0] AndroidManifest.xml:35:13-100
80            android:enabled="true"
80-->[com.google.android.gms:play-services-measurement:17.2.0] AndroidManifest.xml:36:13-35
81            android:exported="true"
81-->[com.google.android.gms:play-services-measurement:17.2.0] AndroidManifest.xml:37:13-36
82            android:permission="android.permission.INSTALL_PACKAGES" >
82-->[com.google.android.gms:play-services-measurement:17.2.0] AndroidManifest.xml:38:13-69
83            <intent-filter>
83-->[com.google.android.gms:play-services-measurement:17.2.0] AndroidManifest.xml:39:13-41:29
84                <action android:name="com.android.vending.INSTALL_REFERRER" />
84-->[com.google.android.gms:play-services-measurement:17.2.0] AndroidManifest.xml:40:17-79
84-->[com.google.android.gms:play-services-measurement:17.2.0] AndroidManifest.xml:40:25-76
85            </intent-filter>
86        </receiver>
87
88        <service
88-->[com.google.android.gms:play-services-measurement:17.2.0] AndroidManifest.xml:44:9-47:40
89            android:name="com.google.android.gms.measurement.AppMeasurementService"
89-->[com.google.android.gms:play-services-measurement:17.2.0] AndroidManifest.xml:45:13-84
90            android:enabled="true"
90-->[com.google.android.gms:play-services-measurement:17.2.0] AndroidManifest.xml:46:13-35
91            android:exported="false" />
91-->[com.google.android.gms:play-services-measurement:17.2.0] AndroidManifest.xml:47:13-37
92        <service
92-->[com.google.android.gms:play-services-measurement:17.2.0] AndroidManifest.xml:48:9-52:72
93            android:name="com.google.android.gms.measurement.AppMeasurementJobService"
93-->[com.google.android.gms:play-services-measurement:17.2.0] AndroidManifest.xml:49:13-87
94            android:enabled="true"
94-->[com.google.android.gms:play-services-measurement:17.2.0] AndroidManifest.xml:50:13-35
95            android:exported="false"
95-->[com.google.android.gms:play-services-measurement:17.2.0] AndroidManifest.xml:51:13-37
96            android:permission="android.permission.BIND_JOB_SERVICE" />
96-->[com.google.android.gms:play-services-measurement:17.2.0] AndroidManifest.xml:52:13-69
97
98        <provider
98-->[com.google.firebase:firebase-common:19.2.0] AndroidManifest.xml:19:9-23:39
99            android:name="com.google.firebase.provider.FirebaseInitProvider"
99-->[com.google.firebase:firebase-common:19.2.0] AndroidManifest.xml:20:13-77
100            android:authorities="com.example.onlinequizapp.firebaseinitprovider"
100-->[com.google.firebase:firebase-common:19.2.0] AndroidManifest.xml:21:13-72
101            android:exported="false"
101-->[com.google.firebase:firebase-common:19.2.0] AndroidManifest.xml:22:13-37
102            android:initOrder="100" />
102-->[com.google.firebase:firebase-common:19.2.0] AndroidManifest.xml:23:13-36
103    </application>
104
105</manifest>